  [4;36;1mSQL (0.1ms)[0m   [0;1mSET NAMES 'utf8'[0m
  [4;35;1mSQL (0.1ms)[0m   [0mSET SQL_AUTO_IS_NULL=0[0m
  [4;36;1mSQL (0.3ms)[0m   [0;1mSHOW TABLES[0m
  [4;35;1mSQL (269.6ms)[0m   [0mCREATE TABLE `schema_migrations` (`version` varchar(255) NOT NULL) ENGINE=InnoDB[0m
  [4;36;1mSQL (14.8ms)[0m   [0;1mSHOW KEYS FROM `schema_migrations`[0m
  [4;35;1mSQL (354.3ms)[0m   [0mCREATE UNIQUE INDEX `unique_schema_migrations` ON `schema_migrations` (`version`)[0m
  [4;36;1mSQL (1.9ms)[0m   [0;1mSHOW TABLES[0m
  [4;35;1mSQL (0.5ms)[0m   [0mSELECT version FROM schema_migrations[0m
Migrating to FirstTables (20110905031643)
  [4;36;1mSQL (120.5ms)[0m   [0;1mCREATE TABLE `users` (`id` int(11) DEFAULT NULL auto_increment PRIMARY KEY, `email` varchar(255), `name` varchar(255), `password` varchar(255), `created_at` datetime, `updated_at` datetime) ENGINE=InnoDB[0m
  [4;35;1mSQL (120.5ms)[0m   [0mCREATE TABLE `virtues` (`id` int(11) DEFAULT NULL auto_increment PRIMARY KEY, `name` varchar(255), `description` varchar(1000), `created_at` datetime, `updated_at` datetime) ENGINE=InnoDB[0m
  [4;36;1mSQL (15.4ms)[0m   [0;1mINSERT INTO schema_migrations (version) VALUES ('20110905031643')[0m
  [4;35;1mSQL (0.6ms)[0m   [0mSHOW TABLES[0m
  [4;36;1mSQL (0.2ms)[0m   [0;1mSELECT version FROM schema_migrations[0m
  [4;35;1mSQL (0.4ms)[0m   [0mSHOW TABLES[0m
  [4;36;1mSQL (22.5ms)[0m   [0;1mSHOW FIELDS FROM `users`[0m
  [4;35;1mSQL (2.4ms)[0m   [0mdescribe `users`[0m
  [4;36;1mSQL (0.4ms)[0m   [0;1mSHOW KEYS FROM `users`[0m
  [4;35;1mSQL (2.8ms)[0m   [0mSHOW FIELDS FROM `virtues`[0m
  [4;36;1mSQL (3.0ms)[0m   [0;1mdescribe `virtues`[0m
  [4;35;1mSQL (0.5ms)[0m   [0mSHOW KEYS FROM `virtues`[0m
  [4;36;1mSQL (0.1ms)[0m   [0;1mSET NAMES 'utf8'[0m
  [4;35;1mSQL (0.1ms)[0m   [0mSET SQL_AUTO_IS_NULL=0[0m


Processing ApplicationController#index (for 127.0.0.1 at 2011-09-04 20:27:20) [GET]

NameError (uninitialized constant VirtueController):
  haml (3.0.12) lib/sass/plugin/rack.rb:41:in `call'
  <internal:prelude>:8:in `synchronize'
  /Users/eugeniabisignani/.rvm/rubies/ruby-1.9.1-p378/lib/ruby/1.9.1/webrick/httpserver.rb:111:in `service'
  /Users/eugeniabisignani/.rvm/rubies/ruby-1.9.1-p378/lib/ruby/1.9.1/webrick/httpserver.rb:70:in `run'
  /Users/eugeniabisignani/.rvm/rubies/ruby-1.9.1-p378/lib/ruby/1.9.1/webrick/server.rb:183:in `block in start_thread'

Rendered rescues/_trace (53.9ms)
Rendered rescues/_request_and_response (1.2ms)
Rendering rescues/layout (internal_server_error)
  [4;36;1mSQL (0.1ms)[0m   [0;1mSET NAMES 'utf8'[0m
  [4;35;1mSQL (0.1ms)[0m   [0mSET SQL_AUTO_IS_NULL=0[0m


Processing VirtueController#index (for 127.0.0.1 at 2011-09-04 20:27:41) [GET]
  [4;36;1mVirtue Load (0.4ms)[0m   [0;1mSELECT * FROM `virtues` [0m
Rendering virtue/index
  [4;35;1mVirtue Columns (3.0ms)[0m   [0mSHOW FIELDS FROM `virtues`[0m
Completed in 82ms (View: 75, DB: 4) | 200 OK [http://localhost/virtue]
  [4;36;1mSQL (0.1ms)[0m   [0;1mSET NAMES 'utf8'[0m
  [4;35;1mSQL (0.1ms)[0m   [0mSET SQL_AUTO_IS_NULL=0[0m


Processing VirtueController#index (for 127.0.0.1 at 2011-09-04 20:27:57) [GET]
  [4;36;1mVirtue Load (0.2ms)[0m   [0;1mSELECT * FROM `virtues` [0m
Rendering virtue/index

ActionView::TemplateError (Invalid filter name ":".) on line #6 of app/views/virtue/index.html.haml:
3: .list
4:   - @virtues.each do |virtue|
5:     = virtue.name
6:     :
7:     = virtue.description

    app/views/virtue/index.html.haml:6
    haml (3.0.12) lib/haml/precompiler.rb:914:in `start_filtered'
    haml (3.0.12) lib/haml/precompiler.rb:270:in `process_line'
    haml (3.0.12) lib/haml/precompiler.rb:178:in `precompile'
    haml (3.0.12) lib/haml/engine.rb:121:in `initialize'
    haml (3.0.12) lib/haml/template/plugin.rb:29:in `new'
    haml (3.0.12) lib/haml/template/plugin.rb:29:in `compile'
    haml (3.0.12) lib/haml/helpers/action_view_mods.rb:13:in `render_with_haml'
    haml (3.0.12) lib/sass/plugin/rack.rb:41:in `call'
    <internal:prelude>:8:in `synchronize'
    /Users/eugeniabisignani/.rvm/rubies/ruby-1.9.1-p378/lib/ruby/1.9.1/webrick/httpserver.rb:111:in `service'
    /Users/eugeniabisignani/.rvm/rubies/ruby-1.9.1-p378/lib/ruby/1.9.1/webrick/httpserver.rb:70:in `run'
    /Users/eugeniabisignani/.rvm/rubies/ruby-1.9.1-p378/lib/ruby/1.9.1/webrick/server.rb:183:in `block in start_thread'

Rendered rescues/_trace (86.6ms)
Rendered rescues/_request_and_response (0.3ms)
Rendering rescues/layout (internal_server_error)
  [4;35;1mSQL (0.1ms)[0m   [0mSET NAMES 'utf8'[0m
  [4;36;1mSQL (0.1ms)[0m   [0;1mSET SQL_AUTO_IS_NULL=0[0m


Processing VirtueController#index (for 127.0.0.1 at 2011-09-04 20:28:11) [GET]
  [4;35;1mVirtue Load (0.2ms)[0m   [0mSELECT * FROM `virtues` [0m
Rendering virtue/index
  [4;36;1mVirtue Columns (3.3ms)[0m   [0;1mSHOW FIELDS FROM `virtues`[0m
Completed in 20ms (View: 13, DB: 4) | 200 OK [http://localhost/virtue]
  [4;36;1mSQL (0.1ms)[0m   [0;1mSET NAMES 'utf8'[0m
  [4;35;1mSQL (0.1ms)[0m   [0mSET SQL_AUTO_IS_NULL=0[0m


Processing VirtueController#index (for 127.0.0.1 at 2011-09-04 20:38:50) [GET]
  [4;36;1mVirtue Load (0.2ms)[0m   [0;1mSELECT * FROM `virtues` [0m
Rendering virtue/index
  [4;35;1mVirtue Columns (118.1ms)[0m   [0mSHOW FIELDS FROM `virtues`[0m
Completed in 135ms (View: 13, DB: 118) | 200 OK [http://localhost/virtue]
  [4;36;1mSQL (0.1ms)[0m   [0;1mSET NAMES 'utf8'[0m
  [4;35;1mSQL (0.1ms)[0m   [0mSET SQL_AUTO_IS_NULL=0[0m


Processing VirtueController#index (for 127.0.0.1 at 2011-09-04 20:38:52) [GET]
  [4;36;1mVirtue Load (0.2ms)[0m   [0;1mSELECT * FROM `virtues` [0m
Rendering virtue/index
  [4;35;1mVirtue Columns (3.2ms)[0m   [0mSHOW FIELDS FROM `virtues`[0m
Completed in 10ms (View: 3, DB: 4) | 200 OK [http://localhost/virtue]
  [4;36;1mSQL (0.1ms)[0m   [0;1mSET NAMES 'utf8'[0m
  [4;35;1mSQL (0.1ms)[0m   [0mSET SQL_AUTO_IS_NULL=0[0m


Processing ApplicationController#index (for 127.0.0.1 at 2011-09-04 20:39:00) [GET]

ActionController::RoutingError (No route matches "/login" with {:method=>:get}):
  haml (3.0.12) lib/sass/plugin/rack.rb:41:in `call'
  <internal:prelude>:8:in `synchronize'
  /Users/eugeniabisignani/.rvm/rubies/ruby-1.9.1-p378/lib/ruby/1.9.1/webrick/httpserver.rb:111:in `service'
  /Users/eugeniabisignani/.rvm/rubies/ruby-1.9.1-p378/lib/ruby/1.9.1/webrick/httpserver.rb:70:in `run'
  /Users/eugeniabisignani/.rvm/rubies/ruby-1.9.1-p378/lib/ruby/1.9.1/webrick/server.rb:183:in `block in start_thread'

Rendering rescues/layout (not_found)
  [4;36;1mSQL (0.1ms)[0m   [0;1mSET NAMES 'utf8'[0m
  [4;35;1mSQL (0.1ms)[0m   [0mSET SQL_AUTO_IS_NULL=0[0m


Processing SessionController#login (for 127.0.0.1 at 2011-09-04 20:39:06) [GET]
Rendering session/login
DEPRECATION WARNING: Kernel#returning has been deprecated in favor of Object#tap. (called from content_tag_with_haml at /Users/eugeniabisignani/.rvm/gems/ruby-1.9.1-p378/gems/haml-3.0.12/lib/haml/helpers/action_view_mods.rb:110)
Completed in 132ms (View: 130, DB: 0) | 200 OK [http://localhost/session/login]
  [4;36;1mSQL (0.1ms)[0m   [0;1mSET NAMES 'utf8'[0m
  [4;35;1mSQL (0.1ms)[0m   [0mSET SQL_AUTO_IS_NULL=0[0m


Processing SessionController#login (for 127.0.0.1 at 2011-09-04 20:39:13) [POST]
  Parameters: {"authenticity_token"=>"i0DJiGK+3ZueovFTT6VfjuzBqPIM4Qa6p4MXPEOCc8A=", "email"=>"jen", "password"=>"hi", "commit"=>"Login"}
  [4;36;1mSQL (35.4ms)[0m   [0;1mSHOW TABLES[0m
  [4;35;1mUser Columns (2.7ms)[0m   [0mSHOW FIELDS FROM `users`[0m

NoMethodError (undefined method `authenticate' for #<Class:0x00000102b25c98>):
  app/controllers/session_controller.rb:6:in `login'
  haml (3.0.12) lib/sass/plugin/rack.rb:41:in `call'
  <internal:prelude>:8:in `synchronize'
  /Users/eugeniabisignani/.rvm/rubies/ruby-1.9.1-p378/lib/ruby/1.9.1/webrick/httpserver.rb:111:in `service'
  /Users/eugeniabisignani/.rvm/rubies/ruby-1.9.1-p378/lib/ruby/1.9.1/webrick/httpserver.rb:70:in `run'
  /Users/eugeniabisignani/.rvm/rubies/ruby-1.9.1-p378/lib/ruby/1.9.1/webrick/server.rb:183:in `block in start_thread'

Rendered rescues/_trace (60.8ms)
Rendered rescues/_request_and_response (1.3ms)
Rendering rescues/layout (internal_server_error)
  [4;36;1mSQL (0.1ms)[0m   [0;1mSET NAMES 'utf8'[0m
  [4;35;1mSQL (0.1ms)[0m   [0mSET SQL_AUTO_IS_NULL=0[0m


Processing SessionController#login (for 127.0.0.1 at 2011-09-04 20:41:59) [POST]
  Parameters: {"authenticity_token"=>"i0DJiGK+3ZueovFTT6VfjuzBqPIM4Qa6p4MXPEOCc8A=", "email"=>"jen", "password"=>"hi", "commit"=>"Login"}
  [4;36;1mUser Columns (2.9ms)[0m   [0;1mSHOW FIELDS FROM `users`[0m
  [4;35;1mUser Load (49.8ms)[0m   [0mSELECT * FROM `users` WHERE (`users`.`email` = 'jen') LIMIT 1[0m
Redirected to http://localhost:3000/session/login
Completed in 113ms (DB: 53) | 302 Found [http://localhost/session/login]
  [4;36;1mSQL (0.1ms)[0m   [0;1mSET NAMES 'utf8'[0m
  [4;35;1mSQL (0.1ms)[0m   [0mSET SQL_AUTO_IS_NULL=0[0m


Processing SessionController#login (for 127.0.0.1 at 2011-09-04 20:41:59) [GET]
Rendering session/login
DEPRECATION WARNING: Kernel#returning has been deprecated in favor of Object#tap. (called from content_tag_with_haml at /Users/eugeniabisignani/.rvm/gems/ruby-1.9.1-p378/gems/haml-3.0.12/lib/haml/helpers/action_view_mods.rb:110)
Completed in 3ms (View: 2, DB: 0) | 200 OK [http://localhost/session/login]
  [4;36;1mSQL (0.1ms)[0m   [0;1mSET NAMES 'utf8'[0m
  [4;35;1mSQL (0.1ms)[0m   [0mSET SQL_AUTO_IS_NULL=0[0m
  [4;36;1mUser Columns (2.9ms)[0m   [0;1mSHOW FIELDS FROM `users`[0m
  [4;35;1mSQL (0.1ms)[0m   [0mBEGIN[0m
  [4;36;1mUser Create (20.9ms)[0m   [0;1mINSERT INTO `users` (`email`, `name`, `password`, `created_at`, `updated_at`) VALUES('jen@jen.com', 'Jen', 'jen', '2011-09-05 03:43:09', '2011-09-05 03:43:09')[0m
  [4;35;1mSQL (0.9ms)[0m   [0mCOMMIT[0m
  [4;36;1mSQL (0.1ms)[0m   [0;1mSET NAMES 'utf8'[0m
  [4;35;1mSQL (0.1ms)[0m   [0mSET SQL_AUTO_IS_NULL=0[0m


Processing SessionController#login (for 127.0.0.1 at 2011-09-04 20:43:17) [POST]
  Parameters: {"authenticity_token"=>"i0DJiGK+3ZueovFTT6VfjuzBqPIM4Qa6p4MXPEOCc8A=", "email"=>"jen@jen.com", "password"=>"jen", "commit"=>"Login"}
  [4;36;1mUser Columns (3.1ms)[0m   [0;1mSHOW FIELDS FROM `users`[0m
  [4;35;1mUser Load (32.9ms)[0m   [0mSELECT * FROM `users` WHERE (`users`.`email` = 'jen@jen.com') LIMIT 1[0m
logged in as jen@jen.com
Redirected to http://localhost:3000/virtue
Completed in 43ms (DB: 36) | 302 Found [http://localhost/session/login]
  [4;36;1mSQL (0.1ms)[0m   [0;1mSET NAMES 'utf8'[0m
  [4;35;1mSQL (0.1ms)[0m   [0mSET SQL_AUTO_IS_NULL=0[0m


Processing VirtueController#index (for 127.0.0.1 at 2011-09-04 20:43:17) [GET]
  [4;36;1mVirtue Load (0.2ms)[0m   [0;1mSELECT * FROM `virtues` [0m
Rendering virtue/index
  [4;35;1mVirtue Columns (2.3ms)[0m   [0mSHOW FIELDS FROM `virtues`[0m
Completed in 10ms (View: 2, DB: 3) | 200 OK [http://localhost/virtue]
  [4;36;1mSQL (0.1ms)[0m   [0;1mSET NAMES 'utf8'[0m
  [4;35;1mSQL (0.1ms)[0m   [0mSET SQL_AUTO_IS_NULL=0[0m


Processing SessionController#logout (for 127.0.0.1 at 2011-09-04 20:43:37) [GET]
Redirected to http://localhost:3000/session/login
Completed in 2ms (DB: 0) | 302 Found [http://localhost/session/logout]
  [4;36;1mSQL (0.1ms)[0m   [0;1mSET NAMES 'utf8'[0m
  [4;35;1mSQL (1.0ms)[0m   [0mSET SQL_AUTO_IS_NULL=0[0m


Processing SessionController#login (for 127.0.0.1 at 2011-09-04 20:43:37) [GET]
Rendering session/login
DEPRECATION WARNING: Kernel#returning has been deprecated in favor of Object#tap. (called from content_tag_with_haml at /Users/eugeniabisignani/.rvm/gems/ruby-1.9.1-p378/gems/haml-3.0.12/lib/haml/helpers/action_view_mods.rb:110)
Completed in 4ms (View: 2, DB: 1) | 200 OK [http://localhost/session/login]
  [4;36;1mSQL (0.1ms)[0m   [0;1mSET NAMES 'utf8'[0m
  [4;35;1mSQL (0.1ms)[0m   [0mSET SQL_AUTO_IS_NULL=0[0m


Processing VirtueController#index (for 127.0.0.1 at 2011-09-04 20:43:45) [GET]
  [4;36;1mVirtue Load (0.2ms)[0m   [0;1mSELECT * FROM `virtues` [0m
Rendering virtue/index
  [4;35;1mVirtue Columns (2.7ms)[0m   [0mSHOW FIELDS FROM `virtues`[0m
Completed in 9ms (View: 2, DB: 3) | 200 OK [http://localhost/virtue]
  [4;36;1mSQL (0.1ms)[0m   [0;1mSET NAMES 'utf8'[0m
  [4;35;1mSQL (0.1ms)[0m   [0mSET SQL_AUTO_IS_NULL=0[0m


Processing VirtueController#index (for 127.0.0.1 at 2011-09-04 20:44:12) [GET]
  [4;36;1mUser Columns (2.9ms)[0m   [0;1mSHOW FIELDS FROM `users`[0m
  [4;35;1mUser Load (31.0ms)[0m   [0mSELECT * FROM `users` WHERE (`users`.`id` IS NULL) LIMIT 1[0m
Redirected to http://localhost:3000/login/login
Filter chain halted as [:authorize] rendered_or_redirected.
Completed in 39ms (DB: 34) | 302 Found [http://localhost/virtue]
  [4;36;1mSQL (0.1ms)[0m   [0;1mSET NAMES 'utf8'[0m
  [4;35;1mSQL (0.1ms)[0m   [0mSET SQL_AUTO_IS_NULL=0[0m


Processing ApplicationController#index (for 127.0.0.1 at 2011-09-04 20:44:12) [GET]

ActionController::RoutingError (No route matches "/login/login" with {:method=>:get}):
  haml (3.0.12) lib/sass/plugin/rack.rb:41:in `call'
  <internal:prelude>:8:in `synchronize'
  /Users/eugeniabisignani/.rvm/rubies/ruby-1.9.1-p378/lib/ruby/1.9.1/webrick/httpserver.rb:111:in `service'
  /Users/eugeniabisignani/.rvm/rubies/ruby-1.9.1-p378/lib/ruby/1.9.1/webrick/httpserver.rb:70:in `run'
  /Users/eugeniabisignani/.rvm/rubies/ruby-1.9.1-p378/lib/ruby/1.9.1/webrick/server.rb:183:in `block in start_thread'

Rendering rescues/layout (not_found)
  [4;36;1mSQL (0.1ms)[0m   [0;1mSET NAMES 'utf8'[0m
  [4;35;1mSQL (0.1ms)[0m   [0mSET SQL_AUTO_IS_NULL=0[0m


Processing SessionController#login (for 127.0.0.1 at 2011-09-04 20:48:01) [POST]
  Parameters: {"authenticity_token"=>"i0DJiGK+3ZueovFTT6VfjuzBqPIM4Qa6p4MXPEOCc8A=", "email"=>"jen@jen.com", "password"=>"jen", "commit"=>"Login"}
  [4;36;1mUser Columns (2.7ms)[0m   [0;1mSHOW FIELDS FROM `users`[0m
  [4;35;1mUser Load (0.1ms)[0m   [0mSELECT * FROM `users` WHERE (`users`.`email` = 'jen@jen.com') LIMIT 1[0m
logged in as jen@jen.com
Redirected to http://localhost:3000/virtue
Completed in 9ms (DB: 3) | 302 Found [http://localhost/session/login]
  [4;36;1mSQL (0.1ms)[0m   [0;1mSET NAMES 'utf8'[0m
  [4;35;1mSQL (0.1ms)[0m   [0mSET SQL_AUTO_IS_NULL=0[0m


Processing VirtueController#index (for 127.0.0.1 at 2011-09-04 20:48:01) [GET]
  [4;36;1mUser Columns (2.8ms)[0m   [0;1mSHOW FIELDS FROM `users`[0m
  [4;35;1mUser Load (13.8ms)[0m   [0mSELECT * FROM `users` WHERE (`users`.`id` = 1) LIMIT 1[0m
  [4;36;1mVirtue Load (0.1ms)[0m   [0;1mSELECT * FROM `virtues` [0m
Rendering virtue/index
  [4;35;1mVirtue Columns (2.8ms)[0m   [0mSHOW FIELDS FROM `virtues`[0m
Completed in 29ms (View: 2, DB: 20) | 200 OK [http://localhost/virtue]
  [4;36;1mSQL (0.1ms)[0m   [0;1mSET NAMES 'utf8'[0m
  [4;35;1mSQL (0.1ms)[0m   [0mSET SQL_AUTO_IS_NULL=0[0m
  [4;36;1mVirtue Columns (2.6ms)[0m   [0;1mSHOW FIELDS FROM `virtues`[0m
  [4;35;1mSQL (0.1ms)[0m   [0mBEGIN[0m
  [4;36;1mVirtue Create (0.2ms)[0m   [0;1mINSERT INTO `virtues` (`name`, `description`, `created_at`, `updated_at`) VALUES('Temperance', 'Eat not to dullness; drink not to elevation.', '2011-09-05 03:58:50', '2011-09-05 03:58:50')[0m
  [4;35;1mSQL (0.7ms)[0m   [0mCOMMIT[0m
  [4;36;1mSQL (0.1ms)[0m   [0;1mBEGIN[0m
  [4;35;1mVirtue Create (0.1ms)[0m   [0mINSERT INTO `virtues` (`name`, `description`, `created_at`, `updated_at`) VALUES('Silence', 'Speak not but what may benefit others or yourself; Avoid trifling Conversation.', '2011-09-05 03:58:50', '2011-09-05 03:58:50')[0m
  [4;36;1mSQL (3.1ms)[0m   [0;1mCOMMIT[0m
  [4;35;1mSQL (0.1ms)[0m   [0mBEGIN[0m
  [4;36;1mVirtue Create (0.2ms)[0m   [0;1mINSERT INTO `virtues` (`name`, `description`, `created_at`, `updated_at`) VALUES('Order', 'Let all your things have their places; let each part of your business have its time.', '2011-09-05 03:58:50', '2011-09-05 03:58:50')[0m
  [4;35;1mSQL (0.8ms)[0m   [0mCOMMIT[0m
  [4;36;1mSQL (0.1ms)[0m   [0;1mBEGIN[0m
  [4;35;1mVirtue Create (0.1ms)[0m   [0mINSERT INTO `virtues` (`name`, `description`, `created_at`, `updated_at`) VALUES('Resolution', 'Resolve to perform what you ought; perform without fail what you resolve.', '2011-09-05 03:58:50', '2011-09-05 03:58:50')[0m
  [4;36;1mSQL (0.8ms)[0m   [0;1mCOMMIT[0m
  [4;35;1mSQL (0.1ms)[0m   [0mBEGIN[0m
  [4;36;1mVirtue Create (0.1ms)[0m   [0;1mINSERT INTO `virtues` (`name`, `description`, `created_at`, `updated_at`) VALUES('Frugality', 'Make no expense but to do good to others or yourself; i.e., waste nothing.', '2011-09-05 03:58:50', '2011-09-05 03:58:50')[0m
  [4;35;1mSQL (0.8ms)[0m   [0mCOMMIT[0m
  [4;36;1mSQL (0.1ms)[0m   [0;1mBEGIN[0m
  [4;35;1mVirtue Create (0.3ms)[0m   [0mINSERT INTO `virtues` (`name`, `description`, `created_at`, `updated_at`) VALUES('Industry', 'Lose no time. Be always employed in something useful. Cut off all unnecessary actions.', '2011-09-05 03:58:50', '2011-09-05 03:58:50')[0m
  [4;36;1mSQL (0.5ms)[0m   [0;1mCOMMIT[0m
  [4;35;1mSQL (0.1ms)[0m   [0mBEGIN[0m
  [4;36;1mVirtue Create (0.2ms)[0m   [0;1mINSERT INTO `virtues` (`name`, `description`, `created_at`, `updated_at`) VALUES('Sincerity', 'Use no hurtful deceit; think innocently and justly, and, if you speak, speak accordingly.', '2011-09-05 03:58:51', '2011-09-05 03:58:51')[0m
  [4;35;1mSQL (18.2ms)[0m   [0mCOMMIT[0m
  [4;36;1mSQL (0.1ms)[0m   [0;1mBEGIN[0m
  [4;35;1mVirtue Create (0.2ms)[0m   [0mINSERT INTO `virtues` (`name`, `description`, `created_at`, `updated_at`) VALUES('Justice', 'Wrong none by doing injuries, or omitting the benefits that are your duty.', '2011-09-05 03:58:51', '2011-09-05 03:58:51')[0m
  [4;36;1mSQL (0.7ms)[0m   [0;1mCOMMIT[0m
  [4;35;1mSQL (0.1ms)[0m   [0mBEGIN[0m
  [4;36;1mVirtue Create (0.2ms)[0m   [0;1mINSERT INTO `virtues` (`name`, `description`, `created_at`, `updated_at`) VALUES('Moderation', 'Avoid extreams; forbear resenting injuries so much as you think they deserve.', '2011-09-05 03:58:51', '2011-09-05 03:58:51')[0m
  [4;35;1mSQL (0.8ms)[0m   [0mCOMMIT[0m
  [4;36;1mSQL (0.1ms)[0m   [0;1mBEGIN[0m
  [4;35;1mVirtue Create (0.2ms)[0m   [0mINSERT INTO `virtues` (`name`, `description`, `created_at`, `updated_at`) VALUES('Cleanliness', 'Tolerate no uncleanliness in body, cloaths, or habitation.', '2011-09-05 03:58:51', '2011-09-05 03:58:51')[0m
  [4;36;1mSQL (0.8ms)[0m   [0;1mCOMMIT[0m
  [4;35;1mSQL (0.1ms)[0m   [0mBEGIN[0m
  [4;36;1mVirtue Create (0.1ms)[0m   [0;1mINSERT INTO `virtues` (`name`, `description`, `created_at`, `updated_at`) VALUES('Tranquility', 'Be not disturbed at trifles, or at accidents common or unavoidable.', '2011-09-05 03:58:51', '2011-09-05 03:58:51')[0m
  [4;35;1mSQL (0.8ms)[0m   [0mCOMMIT[0m
  [4;36;1mSQL (0.1ms)[0m   [0;1mBEGIN[0m
  [4;35;1mVirtue Create (0.1ms)[0m   [0mINSERT INTO `virtues` (`name`, `description`, `created_at`, `updated_at`) VALUES('Chastity', 'Rarely use venery but for health or offspring, never to dulness, weakness, or the injury of your own or another\'s peace or reputation.', '2011-09-05 03:58:51', '2011-09-05 03:58:51')[0m
  [4;36;1mSQL (0.7ms)[0m   [0;1mCOMMIT[0m
  [4;35;1mSQL (0.1ms)[0m   [0mBEGIN[0m
  [4;36;1mVirtue Create (0.1ms)[0m   [0;1mINSERT INTO `virtues` (`name`, `description`, `created_at`, `updated_at`) VALUES('Humility', 'Imitate Jesus and Socrates.', '2011-09-05 03:58:51', '2011-09-05 03:58:51')[0m
  [4;35;1mSQL (0.8ms)[0m   [0mCOMMIT[0m
  [4;36;1mSQL (0.1ms)[0m   [0;1mSET NAMES 'utf8'[0m
  [4;35;1mSQL (0.1ms)[0m   [0mSET SQL_AUTO_IS_NULL=0[0m


Processing VirtueController#index (for 127.0.0.1 at 2011-09-04 20:58:59) [GET]
  [4;36;1mUser Columns (3.1ms)[0m   [0;1mSHOW FIELDS FROM `users`[0m
  [4;35;1mUser Load (0.2ms)[0m   [0mSELECT * FROM `users` WHERE (`users`.`id` = 1) LIMIT 1[0m
  [4;36;1mVirtue Load (0.3ms)[0m   [0;1mSELECT * FROM `virtues` [0m
Rendering virtue/index
  [4;35;1mVirtue Columns (3.2ms)[0m   [0mSHOW FIELDS FROM `virtues`[0m
Completed in 17ms (View: 3, DB: 7) | 200 OK [http://localhost/virtue]
  [4;36;1mSQL (0.1ms)[0m   [0;1mSET NAMES 'utf8'[0m
  [4;35;1mSQL (0.1ms)[0m   [0mSET SQL_AUTO_IS_NULL=0[0m


Processing VirtueController#index (for 127.0.0.1 at 2011-09-04 20:59:53) [GET]
  [4;36;1mUser Columns (2.7ms)[0m   [0;1mSHOW FIELDS FROM `users`[0m
  [4;35;1mUser Load (1.6ms)[0m   [0mSELECT * FROM `users` WHERE (`users`.`id` = 1) LIMIT 1[0m
  [4;36;1mVirtue Load (0.1ms)[0m   [0;1mSELECT * FROM `virtues` [0m
Rendering virtue/index
  [4;35;1mVirtue Columns (3.4ms)[0m   [0mSHOW FIELDS FROM `virtues`[0m
Completed in 74ms (View: 58, DB: 8) | 200 OK [http://localhost/virtue]
  [4;36;1mSQL (0.1ms)[0m   [0;1mSET NAMES 'utf8'[0m
  [4;35;1mSQL (0.1ms)[0m   [0mSET SQL_AUTO_IS_NULL=0[0m
  [4;36;1mSQL (16.5ms)[0m   [0;1mSHOW TABLES[0m
  [4;35;1mSQL (0.1ms)[0m   [0mSELECT version FROM schema_migrations[0m
Migrating to FirstTables (20110905031643)
Migrating to AddUsersVirtues (20110905043503)
  [4;36;1mSQL (91.9ms)[0m   [0;1mCREATE TABLE `users_virtues` (`id` int(11) DEFAULT NULL auto_increment PRIMARY KEY, `user_id` int(11), `name` varchar(255), `description` varchar(1000), `ordinal` int(11)) ENGINE=InnoDB[0m
  [4;35;1mSQL (1.7ms)[0m   [0mINSERT INTO schema_migrations (version) VALUES ('20110905043503')[0m
  [4;36;1mSQL (0.7ms)[0m   [0;1mSHOW TABLES[0m
  [4;35;1mSQL (0.2ms)[0m   [0mSELECT version FROM schema_migrations[0m
  [4;36;1mSQL (0.5ms)[0m   [0;1mSHOW TABLES[0m
  [4;35;1mSQL (2.6ms)[0m   [0mSHOW FIELDS FROM `users`[0m
  [4;36;1mSQL (2.4ms)[0m   [0;1mdescribe `users`[0m
  [4;35;1mSQL (0.5ms)[0m   [0mSHOW KEYS FROM `users`[0m
  [4;36;1mSQL (3.1ms)[0m   [0;1mSHOW FIELDS FROM `users_virtues`[0m
  [4;35;1mSQL (3.1ms)[0m   [0mdescribe `users_virtues`[0m
  [4;36;1mSQL (1.1ms)[0m   [0;1mSHOW KEYS FROM `users_virtues`[0m
  [4;35;1mSQL (3.1ms)[0m   [0mSHOW FIELDS FROM `virtues`[0m
  [4;36;1mSQL (3.6ms)[0m   [0;1mdescribe `virtues`[0m
  [4;35;1mSQL (0.4ms)[0m   [0mSHOW KEYS FROM `virtues`[0m
  [4;36;1mSQL (0.1ms)[0m   [0;1mSET NAMES 'utf8'[0m
  [4;35;1mSQL (0.1ms)[0m   [0mSET SQL_AUTO_IS_NULL=0[0m
  [4;36;1mSQL (0.6ms)[0m   [0;1mSHOW TABLES[0m
  [4;35;1mSQL (0.1ms)[0m   [0mSELECT version FROM schema_migrations[0m
  [4;36;1mSQL (0.5ms)[0m   [0;1mSHOW TABLES[0m
  [4;35;1mSQL (0.1ms)[0m   [0mSELECT version FROM schema_migrations[0m
Migrating to AddUsersVirtues (20110905043503)
  [4;36;1mSQL (41.9ms)[0m   [0;1mDROP TABLE `users_virtues`[0m
  [4;35;1mSQL (33.4ms)[0m   [0mDELETE FROM schema_migrations WHERE version = '20110905043503'[0m
  [4;36;1mSQL (0.6ms)[0m   [0;1mSHOW TABLES[0m
  [4;35;1mSQL (0.2ms)[0m   [0mSELECT version FROM schema_migrations[0m
  [4;36;1mSQL (0.4ms)[0m   [0;1mSHOW TABLES[0m
  [4;35;1mSQL (2.5ms)[0m   [0mSHOW FIELDS FROM `users`[0m
  [4;36;1mSQL (2.1ms)[0m   [0;1mdescribe `users`[0m
  [4;35;1mSQL (0.3ms)[0m   [0mSHOW KEYS FROM `users`[0m
  [4;36;1mSQL (2.5ms)[0m   [0;1mSHOW FIELDS FROM `virtues`[0m
  [4;35;1mSQL (2.7ms)[0m   [0mdescribe `virtues`[0m
  [4;36;1mSQL (0.3ms)[0m   [0;1mSHOW KEYS FROM `virtues`[0m
  [4;35;1mSQL (0.5ms)[0m   [0mSHOW TABLES[0m
  [4;36;1mSQL (0.1ms)[0m   [0;1mSELECT version FROM schema_migrations[0m
Migrating to FirstTables (20110905031643)
Migrating to AddUsersVirtues (20110905043503)
  [4;35;1mSQL (72.1ms)[0m   [0mCREATE TABLE `user_virtues` (`id` int(11) DEFAULT NULL auto_increment PRIMARY KEY, `user_id` int(11), `name` varchar(255), `description` varchar(1000), `ordinal` int(11)) ENGINE=InnoDB[0m
  [4;36;1mSQL (1.4ms)[0m   [0;1mINSERT INTO schema_migrations (version) VALUES ('20110905043503')[0m
  [4;35;1mSQL (0.7ms)[0m   [0mSHOW TABLES[0m
  [4;36;1mSQL (0.2ms)[0m   [0;1mSELECT version FROM schema_migrations[0m
  [4;35;1mSQL (0.5ms)[0m   [0mSHOW TABLES[0m
  [4;36;1mSQL (3.7ms)[0m   [0;1mSHOW FIELDS FROM `user_virtues`[0m
  [4;35;1mSQL (4.0ms)[0m   [0mdescribe `user_virtues`[0m
  [4;36;1mSQL (0.8ms)[0m   [0;1mSHOW KEYS FROM `user_virtues`[0m
  [4;35;1mSQL (2.5ms)[0m   [0mSHOW FIELDS FROM `users`[0m
  [4;36;1mSQL (2.7ms)[0m   [0;1mdescribe `users`[0m
  [4;35;1mSQL (0.7ms)[0m   [0mSHOW KEYS FROM `users`[0m
  [4;36;1mSQL (2.2ms)[0m   [0;1mSHOW FIELDS FROM `virtues`[0m
  [4;35;1mSQL (3.2ms)[0m   [0mdescribe `virtues`[0m
  [4;36;1mSQL (0.4ms)[0m   [0;1mSHOW KEYS FROM `virtues`[0m
  [4;36;1mSQL (0.1ms)[0m   [0;1mSET NAMES 'utf8'[0m
  [4;35;1mSQL (0.1ms)[0m   [0mSET SQL_AUTO_IS_NULL=0[0m
  [4;36;1mUser Load (0.3ms)[0m   [0;1mSELECT * FROM `users` LIMIT 1[0m
  [4;35;1mUser Columns (2.6ms)[0m   [0mSHOW FIELDS FROM `users`[0m
  [4;36;1mUser Load (0.2ms)[0m   [0;1mSELECT * FROM `users` LIMIT 1[0m
  [4;35;1mSQL (0.1ms)[0m   [0mSET NAMES 'utf8'[0m
  [4;36;1mSQL (0.1ms)[0m   [0;1mSET SQL_AUTO_IS_NULL=0[0m
  [4;35;1mUser Load (0.2ms)[0m   [0mSELECT * FROM `users` LIMIT 1[0m
  [4;36;1mUser Columns (3.7ms)[0m   [0;1mSHOW FIELDS FROM `users`[0m
  [4;35;1mUserVirtue Load (0.9ms)[0m   [0mSELECT * FROM `user_virtues` WHERE (`user_virtues`.user_id = 1) [0m
  [4;36;1mSQL (0.1ms)[0m   [0;1mSET NAMES 'utf8'[0m
  [4;35;1mSQL (0.1ms)[0m   [0mSET SQL_AUTO_IS_NULL=0[0m


Processing ApplicationController#index (for 127.0.0.1 at 2011-09-04 21:47:10) [GET]

ActionController::RoutingError (No route matches "/users/1" with {:method=>:get}):
  haml (3.0.12) lib/sass/plugin/rack.rb:41:in `call'
  <internal:prelude>:8:in `synchronize'
  /Users/eugeniabisignani/.rvm/rubies/ruby-1.9.1-p378/lib/ruby/1.9.1/webrick/httpserver.rb:111:in `service'
  /Users/eugeniabisignani/.rvm/rubies/ruby-1.9.1-p378/lib/ruby/1.9.1/webrick/httpserver.rb:70:in `run'
  /Users/eugeniabisignani/.rvm/rubies/ruby-1.9.1-p378/lib/ruby/1.9.1/webrick/server.rb:183:in `block in start_thread'

Rendering rescues/layout (not_found)
  [4;36;1mSQL (0.1ms)[0m   [0;1mSET NAMES 'utf8'[0m
  [4;35;1mSQL (0.1ms)[0m   [0mSET SQL_AUTO_IS_NULL=0[0m


Processing ApplicationController#index (for 127.0.0.1 at 2011-09-04 21:47:17) [GET]

ActionController::RoutingError (No route matches "/users/show/1" with {:method=>:get}):
  haml (3.0.12) lib/sass/plugin/rack.rb:41:in `call'
  <internal:prelude>:8:in `synchronize'
  /Users/eugeniabisignani/.rvm/rubies/ruby-1.9.1-p378/lib/ruby/1.9.1/webrick/httpserver.rb:111:in `service'
  /Users/eugeniabisignani/.rvm/rubies/ruby-1.9.1-p378/lib/ruby/1.9.1/webrick/httpserver.rb:70:in `run'
  /Users/eugeniabisignani/.rvm/rubies/ruby-1.9.1-p378/lib/ruby/1.9.1/webrick/server.rb:183:in `block in start_thread'

Rendering rescues/layout (not_found)
  [4;36;1mSQL (0.1ms)[0m   [0;1mSET NAMES 'utf8'[0m
  [4;35;1mSQL (0.1ms)[0m   [0mSET SQL_AUTO_IS_NULL=0[0m


Processing UserController#show (for 127.0.0.1 at 2011-09-04 21:47:33) [GET]
  Parameters: {"id"=>"1"}
  [4;36;1mUser Columns (2.8ms)[0m   [0;1mSHOW FIELDS FROM `users`[0m
  [4;35;1mUser Load (0.3ms)[0m   [0mSELECT * FROM `users` WHERE (`users`.`id` = 1) LIMIT 1[0m
  [4;36;1mUser Load (0.3ms)[0m   [0;1mSELECT * FROM `users` WHERE (`users`.`id` = 1) [0m
Rendering user/show
Completed in 28ms (View: 10, DB: 4) | 200 OK [http://localhost/user/1]
